This file contains any messages produced by compilers while
running configure, to aid debugging if configure makes a mistake.

It was created by configure, which was
generated by GNU Autoconf 2.52.20101002.  Invocation command line was

  $ ./configure --prefix=/mingw --without-cxx-binding --without-ada --enable-warnings --enable-assertions --enable-reentrant --with-debug --with-normal --disable-home-terminfo --enable-sp-funcs --enable-term-driver --enable-interop --with-pthread

## ---------- ##
## Platform.  ##
## ---------- ##

hostname = HEPHAESTUS
uname -m = x86_64
uname -r = 2.6.0(0.304/5/3)
uname -s = MSYS_NT-6.1
uname -v = 2016-09-07 20:45

/usr/bin/uname -p = unknown
/bin/uname -X     = unknown

/bin/arch              = x86_64
/usr/bin/arch -k       = unknown
/usr/convex/getsysinfo = unknown
hostinfo               = unknown
/bin/machine           = unknown
/usr/bin/oslevel       = unknown
/bin/universe          = unknown

PATH = /c/Users/Ethan/AppData/Roaming/npm:/c/Program Files/nodejs:/usr/local/bin:/usr/bin:/bin:/opt/bin:/c/Windows/System32:/c/Windows:/c/Windows/System32/Wbem:/c/Windows/System32/WindowsPowerShell/v1.0/

## ------------ ##
## Core tests.  ##
## ------------ ##

configure:1010: loading site script /etc/config.site
# This file is in public domain.
# Original author: Karlson2k (Evgeny Grin)
# Written for MSys2 to help running 'configure' scripts

# Use correct config.site even if CONFIG_SITE is not set
if test "x$MSYSTEM" = "xMINGW64"; then
  if test -r "${MINGW_PREFIX-/mingw64}/etc/config.site"; then
    . "${MINGW_PREFIX-/mingw64}/etc/config.site"
  fi
elif test "x$MSYSTEM" = "xMINGW32"; then
  if test -r "${MINGW_PREFIX-/mingw32}/etc/config.site"; then
    . "${MINGW_PREFIX-/mingw32}/etc/config.site"
  fi
else
  # Defaults for MSys2-targeted programs

  # Set proper selfname on bash and fallback to default name on other shells
  test -n "${BASH_SOURCE}" 2>/dev/null && config_site_me="${BASH_SOURCE[0]##*/}" || config_site_me=config.site

  # Set default 'host' to speedup configure
  if test -z "$build_alias"; then
    build_alias="${MSYSTEM_CARCH-x86_64}-pc-msys"  && \
      $as_echo "$config_site_me:${as_lineno-$LINENO}: default build_alias set to $build_alias" >&5 
  fi

  # Set default 'prefix' to "/usr"
  if ( test -z "$prefix" || test "x$prefix" = "xNONE" ) && \
     ( test -z "$exec_prefix" || test "x$exec_prefix" = "xNONE" ); then
    prefix="${MSYSTEM_PREFIX-/usr}" && \
      $as_echo "$config_site_me:${as_lineno-$LINENO}: default prefix set to $prefix" >&5
  fi

fi
configure:1101: PATH=".;."; conftest.sh
./configure: line 1102: conftest.sh: command not found
configure:1104: $? = 127
configure:1117: checking for egrep
configure:1127: result: grep -E
configure:1141: result: Configuring NCURSES 5.9 ABI 5 (Tue Mar 21 18:56:41 EDT 2017)
configure:1246: checking build system type
configure:1259: error: /bin/sh ./config.sub -pc-msys failed.

## ----------------- ##
## Cache variables.  ##
## ----------------- ##

ac_cv_build='config.sub: invalid option -pc-msys
ac_cv_build_alias=-pc-msys
ac_cv_env_CC_set=
ac_cv_env_CC_value=
ac_cv_env_CFLAGS_set=
ac_cv_env_CFLAGS_value=
ac_cv_env_CPPFLAGS_set=
ac_cv_env_CPPFLAGS_value=
ac_cv_env_CPP_set=
ac_cv_env_CPP_value=
ac_cv_env_CXXCPP_set=
ac_cv_env_CXXCPP_value=
ac_cv_env_CXXFLAGS_set=
ac_cv_env_CXXFLAGS_value=
ac_cv_env_CXX_set=
ac_cv_env_CXX_value=
ac_cv_env_LDFLAGS_set=
ac_cv_env_LDFLAGS_value=
ac_cv_env_build_alias_set=
ac_cv_env_build_alias_value=
ac_cv_env_host_alias_set=
ac_cv_env_host_alias_value=
ac_cv_env_target_alias_set=
ac_cv_env_target_alias_value=
ac_cv_prog_egrep='grep -E'
cf_cv_abi_version=5
cf_cv_rel_version=5.9
cf_cv_timestamp='Tue Mar 21 18:56:41 EDT 2017'


configure: exit 1
